This is pdfTeX, Version 3.141592653-2.6-1.40.24 (MiKTeX 21.12.10) (preloaded format=pdflatex 2022.1.27)  30 JUN 2022 22:44
entering extended mode
 restricted \write18 enabled.
 file:line:error style messages enabled.
 %&-line parsing enabled.
**d:/deniz/Dokumente-Deniz/Studium/Bachelor-Thesis/Abschlussarbeit/bsc_thesis.tex
(d:/deniz/Dokumente-Deniz/Studium/Bachelor-Thesis/Abschlussarbeit/bsc_thesis.tex
LaTeX2e <2021-11-15> patch level 1
L3 programming layer <2022-01-21> (C:\Users\deniz\AppData\Local\Programs\MiKTeX\tex/latex/base\report.cls
Document Class: report 2021/10/04 v1.4n Standard LaTeX document class
(C:\Users\deniz\AppData\Local\Programs\MiKTeX\tex/latex/base\size11.clo
File: size11.clo 2021/10/04 v1.4n Standard LaTeX file (size option)
)
\c@part=\count185
\c@chapter=\count186
\c@section=\count187
\c@subsection=\count188
\c@subsubsection=\count189
\c@paragraph=\count190
\c@subparagraph=\count191
\c@figure=\count192
\c@table=\count193
\abovecaptionskip=\skip47
\belowcaptionskip=\skip48
\bibindent=\dimen138
)

LaTeX Warning: \include should only be used after \begin{document} on input line 8.

(preamble.tex (C:\Users\deniz\AppData\Local\Programs\MiKTeX\tex/generic/babel\babel.sty
Package: babel 2021/12/30 3.69 The Babel package
\babel@savecnt=\count194
\U@D=\dimen139
\l@unhyphenated=\language79
 (C:\Users\deniz\AppData\Local\Programs\MiKTeX\tex/generic/babel\txtbabel.def)
\bbl@readstream=\read2
\bbl@dirlevel=\count195

*************************************
* Local config file bblopts.cfg used
*
(C:\Users\deniz\AppData\Local\Programs\MiKTeX\tex/latex/arabi\bblopts.cfg
File: bblopts.cfg 2005/09/08 v0.1 add Arabic and Farsi to "declared" options of babel
) (C:\Users\deniz\AppData\Local\Programs\MiKTeX\tex/latex/babel-german\german.ldf
Language: german 2021/02/27 v2.13 German support for babel (pre-1996 orthography)
 (C:\Users\deniz\AppData\Local\Programs\MiKTeX\tex/latex/babel-german\germanb.ldf
Language: germanb 2021/02/27 v2.13 German support for babel (pre-1996 orthography)
Package babel Info: Making " an active character on input line 139.
))) (C:\Users\deniz\AppData\Local\Programs\MiKTeX\tex/latex/base\inputenc.sty
Package: inputenc 2021/02/14 v1.3d Input encoding file
\inpenc@prehook=\toks16
\inpenc@posthook=\toks17
) (C:\Users\deniz\AppData\Local\Programs\MiKTeX\tex/latex/base\fontenc.sty
Package: fontenc 2021/04/29 v2.0v Standard LaTeX package
) (C:\Users\deniz\AppData\Local\Programs\MiKTeX\tex/latex/base\textcomp.sty
Package: textcomp 2020/02/02 v2.0n Standard LaTeX package
) (C:\Users\deniz\AppData\Local\Programs\MiKTeX\tex/latex/url\url.sty
\Urlmuskip=\muskip16
Package: url 2013/09/16  ver 3.4  Verb mode for urls, etc.
) (hyphenations.tex) (C:\Users\deniz\AppData\Local\Programs\MiKTeX\tex/latex/amsfonts\amssymb.sty
Package: amssymb 2013/01/14 v3.01 AMS font symbols
 (C:\Users\deniz\AppData\Local\Programs\MiKTeX\tex/latex/amsfonts\amsfonts.sty
Package: amsfonts 2013/01/14 v3.01 Basic AMSFonts support
\@emptytoks=\toks18
\symAMSa=\mathgroup4
\symAMSb=\mathgroup5
LaTeX Font Info:    Redeclaring math symbol \hbar on input line 98.
LaTeX Font Info:    Overwriting math alphabet `\mathfrak' in version `bold'
(Font)                  U/euf/m/n --> U/euf/b/n on input line 106.
)) (C:\Users\deniz\AppData\Local\Programs\MiKTeX\tex/latex/emptypage\emptypage.sty
Package: emptypage 2010/05/30 v1.2 Suppress page numbers and headings on empty pages
) (C:\Users\deniz\AppData\Local\Programs\MiKTeX\tex/latex/psnfss\newcent.sty
Package: newcent 2020/03/25 PSNFSS-v9.3 (SPQR) 
) (C:\Users\deniz\AppData\Local\Programs\MiKTeX\tex/latex/microtype\microtype.sty
Package: microtype 2022/06/23 v3.0f Micro-typographical refinements (RS)
 (C:\Users\deniz\AppData\Local\Programs\MiKTeX\tex/latex/graphics\keyval.sty
Package: keyval 2014/10/28 v1.15 key=value parser (DPC)
\KV@toks@=\toks19
) (C:\Users\deniz\AppData\Local\Programs\MiKTeX\tex/latex/etoolbox\etoolbox.sty
Package: etoolbox 2020/10/05 v2.5k e-TeX tools for LaTeX (JAW)
\etb@tempcnta=\count196
)
\MT@toks=\toks20
\MT@tempbox=\box50
\MT@count=\count197
LaTeX Info: Redefining \noprotrusionifhmode on input line 1045.
LaTeX Info: Redefining \leftprotrusion on input line 1046.
LaTeX Info: Redefining \rightprotrusion on input line 1056.
LaTeX Info: Redefining \textls on input line 1234.
\MT@outer@kern=\dimen140
LaTeX Info: Redefining \textmicrotypecontext on input line 1858.
\MT@listname@count=\count198
 (C:\Users\deniz\AppData\Local\Programs\MiKTeX\tex/latex/microtype\microtype-pdftex.def
File: microtype-pdftex.def 2022/06/23 v3.0f Definitions specific to pdftex (RS)
LaTeX Info: Redefining \lsstyle on input line 900.
LaTeX Info: Redefining \lslig on input line 900.
\MT@outer@space=\skip49
)
Package microtype Info: Loading configuration file microtype.cfg.
 (C:\Users\deniz\AppData\Local\Programs\MiKTeX\tex/latex/microtype\microtype.cfg
File: microtype.cfg 2022/06/23 v3.0f microtype main configuration file (RS)
)) (C:\Users\deniz\AppData\Local\Programs\MiKTeX\tex/latex/graphics\graphicx.sty
Package: graphicx 2021/09/16 v1.2d Enhanced LaTeX Graphics (DPC,SPQR)
 (C:\Users\deniz\AppData\Local\Programs\MiKTeX\tex/latex/graphics\graphics.sty
Package: graphics 2021/03/04 v1.4d Standard LaTeX Graphics (DPC,SPQR)
 (C:\Users\deniz\AppData\Local\Programs\MiKTeX\tex/latex/graphics\trig.sty
Package: trig 2021/08/11 v1.11 sin cos tan (DPC)
) (C:\Users\deniz\AppData\Local\Programs\MiKTeX\tex/latex/graphics-cfg\graphics.cfg
File: graphics.cfg 2016/06/04 v1.11 sample graphics configuration
)
Package graphics Info: Driver file: pdftex.def on input line 107.
 (C:\Users\deniz\AppData\Local\Programs\MiKTeX\tex/latex/graphics-def\pdftex.def
File: pdftex.def 2020/10/05 v1.2a Graphics/color driver for pdftex
))
\Gin@req@height=\dimen141
\Gin@req@width=\dimen142
) (C:\Users\deniz\AppData\Local\Programs\MiKTeX\tex/latex/subfig\subfig.sty
Package: subfig 2005/06/28 ver: 1.3 subfig package
 (C:\Users\deniz\AppData\Local\Programs\MiKTeX\tex/latex/caption\caption.sty
Package: caption 2020/10/26 v3.5g Customizing captions (AR)
 (C:\Users\deniz\AppData\Local\Programs\MiKTeX\tex/latex/caption\caption3.sty
Package: caption3 2020/10/21 v2.2e caption3 kernel (AR)
\captionmargin=\dimen143
\captionmargin@=\dimen144
\captionwidth=\dimen145
\caption@tempdima=\dimen146
\caption@indent=\dimen147
\caption@parindent=\dimen148
\caption@hangindent=\dimen149
Package caption Info: Standard document class detected.
)
\c@caption@flags=\count199
\c@continuedfloat=\count266
)
\c@KVtest=\count267
\sf@farskip=\skip50
\sf@captopadj=\dimen150
\sf@capskip=\skip51
\sf@nearskip=\skip52
\c@subfigure=\count268
\c@subfigure@save=\count269
\c@lofdepth=\count270
\c@subtable=\count271
\c@subtable@save=\count272
\c@lotdepth=\count273
\sf@top=\skip53
\sf@bottom=\skip54
) (C:\Users\deniz\AppData\Local\Programs\MiKTeX\tex/latex/wrapfig\wrapfig.sty
\wrapoverhang=\dimen151
\WF@size=\dimen152
\c@WF@wrappedlines=\count274
\WF@box=\box51
\WF@everypar=\toks21
Package: wrapfig 2003/01/31  v 3.6
) (C:\Users\deniz\AppData\Local\Programs\MiKTeX\tex/latex/listings\listings.sty
\lst@mode=\count275
\lst@gtempboxa=\box52
\lst@token=\toks22
\lst@length=\count276
\lst@currlwidth=\dimen153
\lst@column=\count277
\lst@pos=\count278
\lst@lostspace=\dimen154
\lst@width=\dimen155
\lst@newlines=\count279
\lst@lineno=\count280
\lst@maxwidth=\dimen156
 (C:\Users\deniz\AppData\Local\Programs\MiKTeX\tex/latex/listings\lstmisc.sty
File: lstmisc.sty 2020/03/24 1.8d (Carsten Heinz)
\c@lstnumber=\count281
\lst@skipnumbers=\count282
\lst@framebox=\box53
) (C:\Users\deniz\AppData\Local\Programs\MiKTeX\tex/latex/listings\listings.cfg
File: listings.cfg 2020/03/24 1.8d listings configuration
))
Package: listings 2020/03/24 1.8d (Carsten Heinz)
 (C:\Users\deniz\AppData\Local\Programs\MiKTeX\tex/latex/listings\lstlang1.sty
File: lstlang1.sty 2020/03/24 1.8d listings language file
) (C:\Users\deniz\AppData\Local\Programs\MiKTeX\tex/latex/float\float.sty
Package: float 2001/11/08 v1.3d Float enhancements (AL)
\c@float@type=\count283
\float@exts=\toks23
\float@box=\box54
\@float@everytoks=\toks24
\@floatcapt=\box55
)
\@float@every@listing=\toks25
\c@listing=\count284
 (C:\Users\deniz\AppData\Local\Programs\MiKTeX\tex/latex/geometry\geometry.sty
Package: geometry 2020/01/02 v5.9 Page Geometry
 (C:\Users\deniz\AppData\Local\Programs\MiKTeX\tex/generic/iftex\ifvtex.sty
Package: ifvtex 2019/10/25 v1.7 ifvtex legacy package. Use iftex instead.
 (C:\Users\deniz\AppData\Local\Programs\MiKTeX\tex/generic/iftex\iftex.sty
Package: iftex 2020/03/06 v1.0d TeX engine tests
))
\Gm@cnth=\count285
\Gm@cntv=\count286
\c@Gm@tempcnt=\count287
\Gm@bindingoffset=\dimen157
\Gm@wd@mp=\dimen158
\Gm@odd@mp=\dimen159
\Gm@even@mp=\dimen160
\Gm@layoutwidth=\dimen161
\Gm@layoutheight=\dimen162
\Gm@layouthoffset=\dimen163
\Gm@layoutvoffset=\dimen164
\Gm@dimlist=\toks26
 (C:\Users\deniz\AppData\Local\Programs\MiKTeX\tex/latex/geometry\geometry.cfg)) (C:\Users\deniz\AppData\Local\Programs\MiKTeX\tex/latex/setspace\setspace.sty
Package: setspace 2011/12/19 v6.7a set line spacing
) (C:\Users\deniz\AppData\Local\Programs\MiKTeX\tex/latex/fancyhdr\fancyhdr.sty
Package: fancyhdr 2022/05/18 v4.0.3 Extensive control of page headers and footers
\f@nch@headwidth=\skip55
\f@nch@O@elh=\skip56
\f@nch@O@erh=\skip57
\f@nch@O@olh=\skip58
\f@nch@O@orh=\skip59
\f@nch@O@elf=\skip60
\f@nch@O@erf=\skip61
\f@nch@O@olf=\skip62
\f@nch@O@orf=\skip63
)

Package fancyhdr Warning: \fancyhead's `E' option without twoside option is useless on input line 62.


Package fancyhdr Warning: \fancyhead's `E' option without twoside option is useless on input line 63.

\c@definition=\count288
\c@satz=\count289
\c@theorem=\count290
(C:\Users\deniz\AppData\Local\Programs\MiKTeX\tex/latex/bibtopic\bibtopic.sty
Package: bibtopic 2006/09/08 v1.1a Sectioned Bibliographies
 (C:\Users\deniz\AppData\Local\Programs\MiKTeX\tex/latex/base\ifthen.sty
Package: ifthen 2020/11/24 v1.1c Standard LaTeX ifthen package (DPC)
)
\c@btauxfile=\count291
\bt@infilea=\read3
\bt@infileb=\read4
\bt@outfile=\write3
\bt@tempboxa=\box56
) (hsrmlogo.sty (C:\Users\deniz\AppData\Local\Programs\MiKTeX\tex/latex/pgf/frontendlayer\tikz.sty (C:\Users\deniz\AppData\Local\Programs\MiKTeX\tex/latex/pgf/basiclayer\pgf.sty (C:\Users\deniz\AppData\Local\Programs\MiKTeX\tex/latex/pgf/utilities\pgfrcs.sty (C:\Users\deniz\AppData\Local\Programs\MiKTeX\tex/generic/pgf/utilities\pgfutil-common.tex
\pgfutil@everybye=\toks27
\pgfutil@tempdima=\dimen165
\pgfutil@tempdimb=\dimen166
 (C:\Users\deniz\AppData\Local\Programs\MiKTeX\tex/generic/pgf/utilities\pgfutil-common-lists.tex)) (C:\Users\deniz\AppData\Local\Programs\MiKTeX\tex/generic/pgf/utilities\pgfutil-latex.def
\pgfutil@abb=\box57
) (C:\Users\deniz\AppData\Local\Programs\MiKTeX\tex/generic/pgf/utilities\pgfrcs.code.tex (C:\Users\deniz\AppData\Local\Programs\MiKTeX\tex/generic/pgf\pgf.revision.tex)
Package: pgfrcs 2021/05/15 v3.1.9a (3.1.9a)
))
Package: pgf 2021/05/15 v3.1.9a (3.1.9a)
 (C:\Users\deniz\AppData\Local\Programs\MiKTeX\tex/latex/pgf/basiclayer\pgfcore.sty (C:\Users\deniz\AppData\Local\Programs\MiKTeX\tex/latex/pgf/systemlayer\pgfsys.sty (C:\Users\deniz\AppData\Local\Programs\MiKTeX\tex/generic/pgf/systemlayer\pgfsys.code.tex
Package: pgfsys 2021/05/15 v3.1.9a (3.1.9a)
 (C:\Users\deniz\AppData\Local\Programs\MiKTeX\tex/generic/pgf/utilities\pgfkeys.code.tex
\pgfkeys@pathtoks=\toks28
\pgfkeys@temptoks=\toks29
 (C:\Users\deniz\AppData\Local\Programs\MiKTeX\tex/generic/pgf/utilities\pgfkeysfiltered.code.tex
\pgfkeys@tmptoks=\toks30
))
\pgf@x=\dimen167
\pgf@y=\dimen168
\pgf@xa=\dimen169
\pgf@ya=\dimen170
\pgf@xb=\dimen171
\pgf@yb=\dimen172
\pgf@xc=\dimen173
\pgf@yc=\dimen174
\pgf@xd=\dimen175
\pgf@yd=\dimen176
\w@pgf@writea=\write4
\r@pgf@reada=\read5
\c@pgf@counta=\count292
\c@pgf@countb=\count293
\c@pgf@countc=\count294
\c@pgf@countd=\count295
\t@pgf@toka=\toks31
\t@pgf@tokb=\toks32
\t@pgf@tokc=\toks33
\pgf@sys@id@count=\count296
 (C:\Users\deniz\AppData\Local\Programs\MiKTeX\tex/generic/pgf/systemlayer\pgf.cfg
File: pgf.cfg 2021/05/15 v3.1.9a (3.1.9a)
)
Driver file for pgf: pgfsys-pdftex.def
 (C:\Users\deniz\AppData\Local\Programs\MiKTeX\tex/generic/pgf/systemlayer\pgfsys-pdftex.def
File: pgfsys-pdftex.def 2021/05/15 v3.1.9a (3.1.9a)
 (C:\Users\deniz\AppData\Local\Programs\MiKTeX\tex/generic/pgf/systemlayer\pgfsys-common-pdf.def
File: pgfsys-common-pdf.def 2021/05/15 v3.1.9a (3.1.9a)
))) (C:\Users\deniz\AppData\Local\Programs\MiKTeX\tex/generic/pgf/systemlayer\pgfsyssoftpath.code.tex
File: pgfsyssoftpath.code.tex 2021/05/15 v3.1.9a (3.1.9a)
\pgfsyssoftpath@smallbuffer@items=\count297
\pgfsyssoftpath@bigbuffer@items=\count298
) (C:\Users\deniz\AppData\Local\Programs\MiKTeX\tex/generic/pgf/systemlayer\pgfsysprotocol.code.tex
File: pgfsysprotocol.code.tex 2021/05/15 v3.1.9a (3.1.9a)
)) (C:\Users\deniz\AppData\Local\Programs\MiKTeX\tex/latex/xcolor\xcolor.sty
Package: xcolor 2021/10/31 v2.13 LaTeX color extensions (UK)
 (C:\Users\deniz\AppData\Local\Programs\MiKTeX\tex/latex/graphics-cfg\color.cfg
File: color.cfg 2016/01/02 v1.6 sample color configuration
)
Package xcolor Info: Driver file: pdftex.def on input line 227.
Package xcolor Info: Model `cmy' substituted by `cmy0' on input line 1352.
Package xcolor Info: Model `hsb' substituted by `rgb' on input line 1356.
Package xcolor Info: Model `RGB' extended on input line 1368.
Package xcolor Info: Model `HTML' substituted by `rgb' on input line 1370.
Package xcolor Info: Model `Hsb' substituted by `hsb' on input line 1371.
Package xcolor Info: Model `tHsb' substituted by `hsb' on input line 1372.
Package xcolor Info: Model `HSB' substituted by `hsb' on input line 1373.
Package xcolor Info: Model `Gray' substituted by `gray' on input line 1374.
Package xcolor Info: Model `wave' substituted by `hsb' on input line 1375.
) (C:\Users\deniz\AppData\Local\Programs\MiKTeX\tex/generic/pgf/basiclayer\pgfcore.code.tex
Package: pgfcore 2021/05/15 v3.1.9a (3.1.9a)
 (C:\Users\deniz\AppData\Local\Programs\MiKTeX\tex/generic/pgf/math\pgfmath.code.tex (C:\Users\deniz\AppData\Local\Programs\MiKTeX\tex/generic/pgf/math\pgfmathcalc.code.tex (C:\Users\deniz\AppData\Local\Programs\MiKTeX\tex/generic/pgf/math\pgfmathutil.code.tex) (C:\Users\deniz\AppData\Local\Programs\MiKTeX\tex/generic/pgf/math\pgfmathparser.code.tex
\pgfmath@dimen=\dimen177
\pgfmath@count=\count299
\pgfmath@box=\box58
\pgfmath@toks=\toks34
\pgfmath@stack@operand=\toks35
\pgfmath@stack@operation=\toks36
) (C:\Users\deniz\AppData\Local\Programs\MiKTeX\tex/generic/pgf/math\pgfmathfunctions.code.tex (C:\Users\deniz\AppData\Local\Programs\MiKTeX\tex/generic/pgf/math\pgfmathfunctions.basic.code.tex) (C:\Users\deniz\AppData\Local\Programs\MiKTeX\tex/generic/pgf/math\pgfmathfunctions.trigonometric.code.tex) (C:\Users\deniz\AppData\Local\Programs\MiKTeX\tex/generic/pgf/math\pgfmathfunctions.random.code.tex) (C:\Users\deniz\AppData\Local\Programs\MiKTeX\tex/generic/pgf/math\pgfmathfunctions.comparison.code.tex) (C:\Users\deniz\AppData\Local\Programs\MiKTeX\tex/generic/pgf/math\pgfmathfunctions.base.code.tex) (C:\Users\deniz\AppData\Local\Programs\MiKTeX\tex/generic/pgf/math\pgfmathfunctions.round.code.tex) (C:\Users\deniz\AppData\Local\Programs\MiKTeX\tex/generic/pgf/math\pgfmathfunctions.misc.code.tex) (C:\Users\deniz\AppData\Local\Programs\MiKTeX\tex/generic/pgf/math\pgfmathfunctions.integerarithmetics.code.tex))) (C:\Users\deniz\AppData\Local\Programs\MiKTeX\tex/generic/pgf/math\pgfmathfloat.code.tex
\c@pgfmathroundto@lastzeros=\count300
)) (C:\Users\deniz\AppData\Local\Programs\MiKTeX\tex/generic/pgf/math\pgfint.code.tex) (C:\Users\deniz\AppData\Local\Programs\MiKTeX\tex/generic/pgf/basiclayer\pgfcorepoints.code.tex
File: pgfcorepoints.code.tex 2021/05/15 v3.1.9a (3.1.9a)
\pgf@picminx=\dimen178
\pgf@picmaxx=\dimen179
\pgf@picminy=\dimen180
\pgf@picmaxy=\dimen181
\pgf@pathminx=\dimen182
\pgf@pathmaxx=\dimen183
\pgf@pathminy=\dimen184
\pgf@pathmaxy=\dimen185
\pgf@xx=\dimen186
\pgf@xy=\dimen187
\pgf@yx=\dimen188
\pgf@yy=\dimen189
\pgf@zx=\dimen190
\pgf@zy=\dimen191
) (C:\Users\deniz\AppData\Local\Programs\MiKTeX\tex/generic/pgf/basiclayer\pgfcorepathconstruct.code.tex
File: pgfcorepathconstruct.code.tex 2021/05/15 v3.1.9a (3.1.9a)
\pgf@path@lastx=\dimen192
\pgf@path@lasty=\dimen193
) (C:\Users\deniz\AppData\Local\Programs\MiKTeX\tex/generic/pgf/basiclayer\pgfcorepathusage.code.tex
File: pgfcorepathusage.code.tex 2021/05/15 v3.1.9a (3.1.9a)
\pgf@shorten@end@additional=\dimen194
\pgf@shorten@start@additional=\dimen195
) (C:\Users\deniz\AppData\Local\Programs\MiKTeX\tex/generic/pgf/basiclayer\pgfcorescopes.code.tex
File: pgfcorescopes.code.tex 2021/05/15 v3.1.9a (3.1.9a)
\pgfpic=\box59
\pgf@hbox=\box60
\pgf@layerbox@main=\box61
\pgf@picture@serial@count=\count301
) (C:\Users\deniz\AppData\Local\Programs\MiKTeX\tex/generic/pgf/basiclayer\pgfcoregraphicstate.code.tex
File: pgfcoregraphicstate.code.tex 2021/05/15 v3.1.9a (3.1.9a)
\pgflinewidth=\dimen196
) (C:\Users\deniz\AppData\Local\Programs\MiKTeX\tex/generic/pgf/basiclayer\pgfcoretransformations.code.tex
File: pgfcoretransformations.code.tex 2021/05/15 v3.1.9a (3.1.9a)
\pgf@pt@x=\dimen197
\pgf@pt@y=\dimen198
\pgf@pt@temp=\dimen199
) (C:\Users\deniz\AppData\Local\Programs\MiKTeX\tex/generic/pgf/basiclayer\pgfcorequick.code.tex
File: pgfcorequick.code.tex 2021/05/15 v3.1.9a (3.1.9a)
) (C:\Users\deniz\AppData\Local\Programs\MiKTeX\tex/generic/pgf/basiclayer\pgfcoreobjects.code.tex
File: pgfcoreobjects.code.tex 2021/05/15 v3.1.9a (3.1.9a)
) (C:\Users\deniz\AppData\Local\Programs\MiKTeX\tex/generic/pgf/basiclayer\pgfcorepathprocessing.code.tex
File: pgfcorepathprocessing.code.tex 2021/05/15 v3.1.9a (3.1.9a)
) (C:\Users\deniz\AppData\Local\Programs\MiKTeX\tex/generic/pgf/basiclayer\pgfcorearrows.code.tex
File: pgfcorearrows.code.tex 2021/05/15 v3.1.9a (3.1.9a)
\pgfarrowsep=\dimen256
) (C:\Users\deniz\AppData\Local\Programs\MiKTeX\tex/generic/pgf/basiclayer\pgfcoreshade.code.tex
File: pgfcoreshade.code.tex 2021/05/15 v3.1.9a (3.1.9a)
\pgf@max=\dimen257
\pgf@sys@shading@range@num=\count302
\pgf@shadingcount=\count303
) (C:\Users\deniz\AppData\Local\Programs\MiKTeX\tex/generic/pgf/basiclayer\pgfcoreimage.code.tex
File: pgfcoreimage.code.tex 2021/05/15 v3.1.9a (3.1.9a)
 (C:\Users\deniz\AppData\Local\Programs\MiKTeX\tex/generic/pgf/basiclayer\pgfcoreexternal.code.tex
File: pgfcoreexternal.code.tex 2021/05/15 v3.1.9a (3.1.9a)
\pgfexternal@startupbox=\box62
)) (C:\Users\deniz\AppData\Local\Programs\MiKTeX\tex/generic/pgf/basiclayer\pgfcorelayers.code.tex
File: pgfcorelayers.code.tex 2021/05/15 v3.1.9a (3.1.9a)
) (C:\Users\deniz\AppData\Local\Programs\MiKTeX\tex/generic/pgf/basiclayer\pgfcoretransparency.code.tex
File: pgfcoretransparency.code.tex 2021/05/15 v3.1.9a (3.1.9a)
) (C:\Users\deniz\AppData\Local\Programs\MiKTeX\tex/generic/pgf/basiclayer\pgfcorepatterns.code.tex
File: pgfcorepatterns.code.tex 2021/05/15 v3.1.9a (3.1.9a)
) (C:\Users\deniz\AppData\Local\Programs\MiKTeX\tex/generic/pgf/basiclayer\pgfcorerdf.code.tex
File: pgfcorerdf.code.tex 2021/05/15 v3.1.9a (3.1.9a)
))) (C:\Users\deniz\AppData\Local\Programs\MiKTeX\tex/generic/pgf/modules\pgfmoduleshapes.code.tex
File: pgfmoduleshapes.code.tex 2021/05/15 v3.1.9a (3.1.9a)
\pgfnodeparttextbox=\box63
) (C:\Users\deniz\AppData\Local\Programs\MiKTeX\tex/generic/pgf/modules\pgfmoduleplot.code.tex
File: pgfmoduleplot.code.tex 2021/05/15 v3.1.9a (3.1.9a)
) (C:\Users\deniz\AppData\Local\Programs\MiKTeX\tex/latex/pgf/compatibility\pgfcomp-version-0-65.sty
Package: pgfcomp-version-0-65 2021/05/15 v3.1.9a (3.1.9a)
\pgf@nodesepstart=\dimen258
\pgf@nodesepend=\dimen259
) (C:\Users\deniz\AppData\Local\Programs\MiKTeX\tex/latex/pgf/compatibility\pgfcomp-version-1-18.sty
Package: pgfcomp-version-1-18 2021/05/15 v3.1.9a (3.1.9a)
)) (C:\Users\deniz\AppData\Local\Programs\MiKTeX\tex/latex/pgf/utilities\pgffor.sty (C:\Users\deniz\AppData\Local\Programs\MiKTeX\tex/latex/pgf/utilities\pgfkeys.sty (C:\Users\deniz\AppData\Local\Programs\MiKTeX\tex/generic/pgf/utilities\pgfkeys.code.tex)) (C:\Users\deniz\AppData\Local\Programs\MiKTeX\tex/latex/pgf/math\pgfmath.sty (C:\Users\deniz\AppData\Local\Programs\MiKTeX\tex/generic/pgf/math\pgfmath.code.tex)) (C:\Users\deniz\AppData\Local\Programs\MiKTeX\tex/generic/pgf/utilities\pgffor.code.tex
Package: pgffor 2021/05/15 v3.1.9a (3.1.9a)
 (C:\Users\deniz\AppData\Local\Programs\MiKTeX\tex/generic/pgf/math\pgfmath.code.tex)
\pgffor@iter=\dimen260
\pgffor@skip=\dimen261
\pgffor@stack=\toks37
\pgffor@toks=\toks38
)) (C:\Users\deniz\AppData\Local\Programs\MiKTeX\tex/generic/pgf/frontendlayer/tikz\tikz.code.tex
Package: tikz 2021/05/15 v3.1.9a (3.1.9a)
 (C:\Users\deniz\AppData\Local\Programs\MiKTeX\tex/generic/pgf/libraries\pgflibraryplothandlers.code.tex
File: pgflibraryplothandlers.code.tex 2021/05/15 v3.1.9a (3.1.9a)
\pgf@plot@mark@count=\count304
\pgfplotmarksize=\dimen262
)
\tikz@lastx=\dimen263
\tikz@lasty=\dimen264
\tikz@lastxsaved=\dimen265
\tikz@lastysaved=\dimen266
\tikz@lastmovetox=\dimen267
\tikz@lastmovetoy=\dimen268
\tikzleveldistance=\dimen269
\tikzsiblingdistance=\dimen270
\tikz@figbox=\box64
\tikz@figbox@bg=\box65
\tikz@tempbox=\box66
\tikz@tempbox@bg=\box67
\tikztreelevel=\count305
\tikznumberofchildren=\count306
\tikznumberofcurrentchild=\count307
\tikz@fig@count=\count308
 (C:\Users\deniz\AppData\Local\Programs\MiKTeX\tex/generic/pgf/modules\pgfmodulematrix.code.tex
File: pgfmodulematrix.code.tex 2021/05/15 v3.1.9a (3.1.9a)
\pgfmatrixcurrentrow=\count309
\pgfmatrixcurrentcolumn=\count310
\pgf@matrix@numberofcolumns=\count311
)
\tikz@expandcount=\count312
 (C:\Users\deniz\AppData\Local\Programs\MiKTeX\tex/generic/pgf/frontendlayer/tikz/libraries\tikzlibrarytopaths.code.tex
File: tikzlibrarytopaths.code.tex 2021/05/15 v3.1.9a (3.1.9a)
))) (C:\Users\deniz\AppData\Local\Programs\MiKTeX\tex/generic/pgf/libraries\pgflibraryarrows.code.tex
File: pgflibraryarrows.code.tex 2021/05/15 v3.1.9a (3.1.9a)
\arrowsize=\dimen271
) (C:\Users\deniz\AppData\Local\Programs\MiKTeX\tex/generic/pgf/frontendlayer/tikz/libraries\tikzlibraryarrows.code.tex
File: tikzlibraryarrows.code.tex 2021/05/15 v3.1.9a (3.1.9a)
)) (C:\Users\deniz\AppData\Local\Programs\MiKTeX\tex/latex/epigraph\epigraph.sty
Package: epigraph 2020/01/02 v1.5e typesetting epigraphs
 (C:\Users\deniz\AppData\Local\Programs\MiKTeX\tex/latex/nextpage\nextpage.sty
Package: nextpage 2009/09/03 v1.1a additional page commands
)
\beforeepigraphskip=\skip64
\afterepigraphskip=\skip65
\epigraphwidth=\skip66
\epigraphrule=\skip67
) (blindtext.sty
Package: blindtext 2005/10/20 V1.5 blindtext-Package
 (C:\Users\deniz\AppData\Local\Programs\MiKTeX\tex/latex/tools\xspace.sty
Package: xspace 2014/10/28 v1.13 Space after command names (DPC,MH)
)
\c@blindtext=\count313
\c@Blindtext=\count314
\blind@countxx=\count315
\blindtext@numBlindtext=\count316
\blind@countyy=\count317
\c@blindlist=\count318
\c@blindlistlevel=\count319
\c@blindlist@level=\count320
\blind@listitem=\count321
\c@listcount=\count322
\c@blind@levelcount=\count323
) (C:\Users\deniz\AppData\Local\Programs\MiKTeX\tex/generic/soul\soul.sty
Package: soul 2003/11/17 v2.4 letterspacing/underlining (mf)
\SOUL@word=\toks39
\SOUL@lasttoken=\toks40
\SOUL@cmds=\toks41
\SOUL@buffer=\toks42
\SOUL@token=\toks43
\SOUL@spaceskip=\skip68
\SOUL@ttwidth=\dimen272
\SOUL@uldp=\dimen273
\SOUL@ulht=\dimen274
))
LaTeX Font Info:    Trying to load font information for T1+pnc on input line 22.
 (C:\Users\deniz\AppData\Local\Programs\MiKTeX\tex/latex/psnfss\t1pnc.fd
File: t1pnc.fd 2001/06/04 font definitions for T1/pnc.
) (C:\Users\deniz\AppData\Local\Programs\MiKTeX\tex/latex/l3backend\l3backend-pdftex.def
File: l3backend-pdftex.def 2022-01-12 L3 backend support: PDF output (pdfTeX)
\l__color_backend_stack_int=\count324
\l__pdf_internal_box=\box68
) (bsc_thesis.aux (vorspann.aux)

LaTeX Warning: Label `sec:wire' multiply defined.


LaTeX Warning: Label `sec:db' multiply defined.

)
\openout1 = `bsc_thesis.aux'.

LaTeX Font Info:    Checking defaults for OML/cmm/m/it on input line 22.
LaTeX Font Info:    ... okay on input line 22.
LaTeX Font Info:    Checking defaults for OMS/cmsy/m/n on input line 22.
LaTeX Font Info:    ... okay on input line 22.
LaTeX Font Info:    Checking defaults for OT1/cmr/m/n on input line 22.
LaTeX Font Info:    ... okay on input line 22.
LaTeX Font Info:    Checking defaults for T1/cmr/m/n on input line 22.
LaTeX Font Info:    ... okay on input line 22.
LaTeX Font Info:    Checking defaults for TS1/cmr/m/n on input line 22.
LaTeX Font Info:    ... okay on input line 22.
LaTeX Font Info:    Checking defaults for OMX/cmex/m/n on input line 22.
LaTeX Font Info:    ... okay on input line 22.
LaTeX Font Info:    Checking defaults for U/cmr/m/n on input line 22.
LaTeX Font Info:    ... okay on input line 22.
LaTeX Info: Redefining \microtypecontext on input line 22.
Package microtype Info: Applying patch `item' on input line 22.
Package microtype Info: Applying patch `toc' on input line 22.
Package microtype Info: Applying patch `eqnum' on input line 22.
Package microtype Info: Applying patch `footnote' on input line 22.
Package microtype Info: Generating PDF output.
Package microtype Info: Character protrusion enabled (level 2).
Package microtype Info: Using default protrusion set `alltext'.
Package microtype Info: Automatic font expansion enabled (level 2),
(microtype)             stretch: 20, shrink: 20, step: 1, non-selected.
Package microtype Info: Using default expansion set `alltext-nott'.
LaTeX Info: Redefining \showhyphens on input line 22.
Package microtype Info: No adjustment of tracking.
Package microtype Info: No adjustment of interword spacing.
Package microtype Info: No adjustment of character kerning.
Package microtype Info: Loading generic protrusion settings for font family
(microtype)             `pnc' (encoding: T1).
(microtype)             For optimal results, create family-specific settings.
(microtype)             See the microtype manual for details.
 (C:\Users\deniz\AppData\Local\Programs\MiKTeX\tex/context/base/mkii\supp-pdf.mkii
[Loading MPS to PDF converter (version 2006.09.02).]
\scratchcounter=\count325
\scratchdimen=\dimen275
\scratchbox=\box69
\nofMPsegments=\count326
\nofMParguments=\count327
\everyMPshowfont=\toks44
\MPscratchCnt=\count328
\MPscratchDim=\dimen276
\MPnumerator=\count329
\makeMPintoPDFobject=\count330
\everyMPtoPDFconversion=\toks45
) (C:\Users\deniz\AppData\Local\Programs\MiKTeX\tex/latex/epstopdf-pkg\epstopdf-base.sty
Package: epstopdf-base 2020-01-24 v2.11 Base part for package epstopdf
Package epstopdf-base Info: Redefining graphics rule for `.eps' on input line 485.
 (C:\Users\deniz\AppData\Local\Programs\MiKTeX\tex/latex/00miktex\epstopdf-sys.cfg
File: epstopdf-sys.cfg 2021/03/18 v2.0 Configuration of epstopdf for MiKTeX
))
Package caption Info: Begin \AtBeginDocument code.
Package caption Info: subfig package v1.3 is loaded.
Package caption Info: float package is loaded.
Package caption Info: listings package is loaded.
Package caption Info: wrapfig package is loaded.
Package caption Info: End \AtBeginDocument code.
\c@lstlisting=\count331

*geometry* driver: auto-detecting
*geometry* detected driver: pdftex
*geometry* verbose mode - [ preamble ] result:
* driver: pdftex
* paper: a4paper
* layout: <same size as paper>
* layoutoffset:(h,v)=(0.0pt,0.0pt)
* modes: 
* h-part:(L,W,R)=(99.58464pt, 398.33858pt, 99.58466pt)
* v-part:(T,H,B)=(87.63449pt, 625.96062pt, 131.45174pt)
* \paperwidth=597.50787pt
* \paperheight=845.04684pt
* \textwidth=398.33858pt
* \textheight=625.96062pt
* \oddsidemargin=27.31465pt
* \evensidemargin=27.31465pt
* \topmargin=-21.6355pt
* \headheight=12.0pt
* \headsep=25.0pt
* \topskip=11.0pt
* \footskip=30.0pt
* \marginparwidth=50.0pt
* \marginparsep=10.0pt
* \columnsep=10.0pt
* \skip\footins=10.0pt plus 4.0pt minus 2.0pt
* \hoffset=0.0pt
* \voffset=0.0pt
* \mag=1000
* \@twocolumnfalse
* \@twosidefalse
* \@mparswitchfalse
* \@reversemarginfalse
* (1in=72.27pt=25.4mm, 1cm=28.453pt)

\openout2 = `vorspann.aux'.

(vorspann.tex (C:\Users\deniz\AppData\Local\Programs\MiKTeX\tex/latex/microtype\mt-cmr.cfg
File: mt-cmr.cfg 2013/05/19 v2.2 microtype config. file: Computer Modern Roman (RS)
)
LaTeX Font Info:    Trying to load font information for U+msa on input line 19.
 (C:\Users\deniz\AppData\Local\Programs\MiKTeX\tex/latex/amsfonts\umsa.fd
File: umsa.fd 2013/01/14 v3.01 AMS symbols A
) (C:\Users\deniz\AppData\Local\Programs\MiKTeX\tex/latex/microtype\mt-msa.cfg
File: mt-msa.cfg 2006/02/04 v1.1 microtype config. file: AMS symbols (a) (RS)
)
LaTeX Font Info:    Trying to load font information for U+msb on input line 19.
 (C:\Users\deniz\AppData\Local\Programs\MiKTeX\tex/latex/amsfonts\umsb.fd
File: umsb.fd 2013/01/14 v3.01 AMS symbols B
) (C:\Users\deniz\AppData\Local\Programs\MiKTeX\tex/latex/microtype\mt-msb.cfg
File: mt-msb.cfg 2005/06/01 v1.0 microtype config. file: AMS symbols (b) (RS)
) [1


{C:/Users/deniz/AppData/Local/MiKTeX/fonts/map/pdftex/pdftex.map}]
LaTeX Font Info:    Trying to load font information for TS1+pnc on input line 37.
 (C:\Users\deniz\AppData\Local\Programs\MiKTeX\tex/latex/psnfss\ts1pnc.fd
File: ts1pnc.fd 2001/06/04 font definitions for TS1/pnc.
)
Package microtype Info: Loading generic protrusion settings for font family
(microtype)             `pnc' (encoding: TS1).
(microtype)             For optimal results, create family-specific settings.
(microtype)             See the microtype manual for details.
 [1

]) [1



] (bsc_thesis.toc)
\tf@toc=\write5
\openout5 = `bsc_thesis.toc'.

 [1

]
Kapitel 1.
[2

]
LaTeX Font Info:    Trying to load font information for T1+phv on input line 78.
 (C:\Users\deniz\AppData\Local\Programs\MiKTeX\tex/latex/psnfss\t1phv.fd
File: t1phv.fd 2020/03/25 scalable font definitions for T1/phv.
)
Package microtype Info: Loading generic protrusion settings for font family
(microtype)             `phv' (encoding: T1).
(microtype)             For optimal results, create family-specific settings.
(microtype)             See the microtype manual for details.
 [3]
Kapitel 2.
[4

] [5]
<images/erdBookingSimpSW.pdf, id=34, 435.54718pt x 269.08528pt>
File: images/erdBookingSimpSW.pdf Graphic file (type pdf)
<use images/erdBookingSimpSW.pdf>
Package pdftex.def Info: images/erdBookingSimpSW.pdf  used on input line 135.
(pdftex.def)             Requested size: 358.50227pt x 221.49307pt.
 [6 <./images/erdBookingSimpSW.pdf

pdfTeX warning: pdflatex (file ./images/erdBookingSimpSW.pdf): PDF inclusion: invalid other resource which is no dict (key 'ProcSets', type <array>); ignored.
>] [7]
<images/dfStationen.pdf, id=59, 551.1792pt x 264.99pt>
File: images/dfStationen.pdf Graphic file (type pdf)
<use images/dfStationen.pdf>
Package pdftex.def Info: images/dfStationen.pdf  used on input line 179.
(pdftex.def)             Requested size: 358.50227pt x 172.36275pt.
 [8 <./images/dfStationen.pdf

pdfTeX warning: pdflatex (file ./images/dfStationen.pdf): PDF inclusion: invalid other resource which is no dict (key 'ProcSets', type <array>); ignored.
>] [9] [10] [11]
Kapitel 3.
[12

] [13]
<images/persona.pdf, id=98, 334.3692pt x 146.4672pt>
File: images/persona.pdf Graphic file (type pdf)
<use images/persona.pdf>
Package pdftex.def Info: images/persona.pdf  used on input line 298.
(pdftex.def)             Requested size: 318.67207pt x 139.60118pt.
 [14 <./images/persona.pdf

pdfTeX warning: pdflatex (file ./images/persona.pdf): PDF inclusion: invalid other resource which is no dict (key 'ProcSets', type <array>); ignored.
>]
<images/User Journeys-Journey Map Anlegungen.pdf, id=121, 716.6775pt x 355.3275pt>
File: images/User Journeys-Journey Map Anlegungen.pdf Graphic file (type pdf)
<use images/User Journeys-Journey Map Anlegungen.pdf>
Package pdftex.def Info: images/User Journeys-Journey Map Anlegungen.pdf  used on input line 349.
(pdftex.def)             Requested size: 398.33858pt x 197.49644pt.
 [15]
<images/User Journeys-Journey Map Betankung.pdf, id=125, 716.6775pt x 355.3275pt>
File: images/User Journeys-Journey Map Betankung.pdf Graphic file (type pdf)
<use images/User Journeys-Journey Map Betankung.pdf>
Package pdftex.def Info: images/User Journeys-Journey Map Betankung.pdf  used on input line 361.
(pdftex.def)             Requested size: 398.33858pt x 197.49644pt.
 [16 <./images/User Journeys-Journey Map Anlegungen.pdf

pdfTeX warning: pdflatex (file ./images/User Journeys-Journey Map Anlegungen.pdf): PDF inclusion: invalid other resource which is no dict (key 'ProcSets', type <array>); ignored.
> <./images/User Journeys-Journey Map Betankung.pdf

pdfTeX warning: pdflatex (file ./images/User Journeys-Journey Map Betankung.pdf): PDF inclusion: invalid other resource which is no dict (key 'ProcSets', type <array>); ignored.
>]
<images/User Journeys-Journey Map Betankung Offline.pdf, id=203, 716.6775pt x 355.3275pt>
File: images/User Journeys-Journey Map Betankung Offline.pdf Graphic file (type pdf)
<use images/User Journeys-Journey Map Betankung Offline.pdf>
Package pdftex.def Info: images/User Journeys-Journey Map Betankung Offline.pdf  used on input line 375.
(pdftex.def)             Requested size: 398.33858pt x 197.49644pt.
 [17 <./images/User Journeys-Journey Map Betankung Offline.pdf

pdfTeX warning: pdflatex (file ./images/User Journeys-Journey Map Betankung Offline.pdf): PDF inclusion: invalid other resource which is no dict (key 'ProcSets', type <array>); ignored.
>]
<images/ship_frontend_wireframes-Login Mobile Tabs.pdf, id=247, 598.15468pt x 1084.05pt>
File: images/ship_frontend_wireframes-Login Mobile Tabs.pdf Graphic file (type pdf)
<use images/ship_frontend_wireframes-Login Mobile Tabs.pdf>
Package pdftex.def Info: images/ship_frontend_wireframes-Login Mobile Tabs.pdf  used on input line 425.
(pdftex.def)             Requested size: 199.16928pt x 360.96315pt.
<images/ship_frontend_wireframes-Login Mobile.pdf, id=248, 598.15468pt x 1084.05pt>
File: images/ship_frontend_wireframes-Login Mobile.pdf Graphic file (type pdf)
<use images/ship_frontend_wireframes-Login Mobile.pdf>
Package pdftex.def Info: images/ship_frontend_wireframes-Login Mobile.pdf  used on input line 427.
(pdftex.def)             Requested size: 199.16928pt x 360.96315pt.

Overfull \hbox (6.08797pt too wide) in paragraph at lines 425--428
 [][][] 
 []

[18] [19 <./images/ship_frontend_wireframes-Login Mobile Tabs.pdf

pdfTeX warning: pdflatex (file ./images/ship_frontend_wireframes-Login Mobile Tabs.pdf): PDF inclusion: invalid other resource which is no dict (key 'ProcSets', type <array>); ignored.
> <./images/ship_frontend_wireframes-Login Mobile.pdf

pdfTeX warning: pdflatex (file ./images/ship_frontend_wireframes-Login Mobile.pdf): PDF inclusion: invalid other resource which is no dict (key 'ProcSets', type <array>); ignored.
>] [20]
<images/ship_frontend_wireframes-√úbersicht vergr√∂√üern mobile.pdf, id=388, 598.15468pt x 1084.05pt>
File: images/ship_frontend_wireframes-√úbersicht vergr√∂√üern mobile.pdf Graphic file (type pdf)
<use images/ship_frontend_wireframes-√úbersicht vergr√∂√üern mobile.pdf>
Package pdftex.def Info: images/ship_frontend_wireframes-√úbersicht vergr√∂√üern mobile.pdf  used on input line 475.
(pdftex.def)             Requested size: 199.16928pt x 360.96315pt.
<images/ship_frontend_wireframes-√úbersicht verkleinern Mobile.pdf, id=389, 598.15468pt x 1084.05pt>
File: images/ship_frontend_wireframes-√úbersicht verkleinern Mobile.pdf Graphic file (type pdf)
<use images/ship_frontend_wireframes-√úbersicht verkleinern Mobile.pdf>
Package pdftex.def Info: images/ship_frontend_wireframes-√úbersicht verkleinern Mobile.pdf  used on input line 477.
(pdftex.def)             Requested size: 199.16928pt x 360.96315pt.

Overfull \hbox (6.08797pt too wide) in paragraph at lines 475--478
 [][][] 
 []

[21 <./images/ship_frontend_wireframes-√úbersicht vergr√∂√üern mobile.pdf

pdfTeX warning: pdflatex (file ./images/ship_frontend_wireframes-√úbersicht vergr√∂√üern mobile.pdf): PDF inclusion: invalid other resource which is no dict (key 'ProcSets', type <array>); ignored.
> <./images/ship_frontend_wireframes-√úbersicht verkleinern Mobile.pdf

pdfTeX warning: pdflatex (file ./images/ship_frontend_wireframes-√úbersicht verkleinern Mobile.pdf): PDF inclusion: invalid other resource which is no dict (key 'ProcSets', type <array>); ignored.
>] [22]
<images/ship_frontend_wireframes-√úbersicht verkleinern Offline.pdf, id=575, 598.15468pt x 1084.05pt>
File: images/ship_frontend_wireframes-√úbersicht verkleinern Offline.pdf Graphic file (type pdf)
<use images/ship_frontend_wireframes-√úbersicht verkleinern Offline.pdf>
Package pdftex.def Info: images/ship_frontend_wireframes-√úbersicht verkleinern Offline.pdf  used on input line 519.
(pdftex.def)             Requested size: 199.16928pt x 360.96315pt.
<images/ship_frontend_wireframes-√úbersicht verkleinern Offline V2.pdf, id=576, 598.15468pt x 1084.05pt>
File: images/ship_frontend_wireframes-√úbersicht verkleinern Offline V2.pdf Graphic file (type pdf)
<use images/ship_frontend_wireframes-√úbersicht verkleinern Offline V2.pdf>
Package pdftex.def Info: images/ship_frontend_wireframes-√úbersicht verkleinern Offline V2.pdf  used on input line 521.
(pdftex.def)             Requested size: 199.16928pt x 360.96315pt.

Overfull \hbox (6.08797pt too wide) in paragraph at lines 519--522
 [][][] 
 []

[23 <./images/ship_frontend_wireframes-√úbersicht verkleinern Offline.pdf

pdfTeX warning: pdflatex (file ./images/ship_frontend_wireframes-√úbersicht verkleinern Offline.pdf): PDF inclusion: invalid other resource which is no dict (key 'ProcSets', type <array>); ignored.
> <./images/ship_frontend_wireframes-√úbersicht verkleinern Offline V2.pdf

pdfTeX warning: pdflatex (file ./images/ship_frontend_wireframes-√úbersicht verkleinern Offline V2.pdf): PDF inclusion: invalid other resource which is no dict (key 'ProcSets', type <array>); ignored.
>] [24]
Kapitel 4.
[25

]
<images/erdBookingSimpPlan.pdf, id=776, 551.1792pt x 316.3017pt>
File: images/erdBookingSimpPlan.pdf Graphic file (type pdf)
<use images/erdBookingSimpPlan.pdf>
Package pdftex.def Info: images/erdBookingSimpPlan.pdf  used on input line 582.
(pdftex.def)             Requested size: 358.50227pt x 205.73845pt.
 [26] [27 <./images/erdBookingSimpPlan.pdf

pdfTeX warning: pdflatex (file ./images/erdBookingSimpPlan.pdf): PDF inclusion: invalid other resource which is no dict (key 'ProcSets', type <array>); ignored.
>] [28]
<images/komponentenDiagramm.pdf, id=805, 507.81718pt x 277.035pt>
File: images/komponentenDiagramm.pdf Graphic file (type pdf)
<use images/komponentenDiagramm.pdf>
Package pdftex.def Info: images/komponentenDiagramm.pdf  used on input line 638.
(pdftex.def)             Requested size: 398.33858pt x 217.30809pt.
 [29 <./images/komponentenDiagramm.pdf

pdfTeX warning: pdflatex (file ./images/komponentenDiagramm.pdf): PDF inclusion: invalid other resource which is no dict (key 'ProcSets', type <array>); ignored.
>] [30]
<images/webapp-aufbau.pdf, id=837, 461.80528pt x 168.63pt>
File: images/webapp-aufbau.pdf Graphic file (type pdf)
<use images/webapp-aufbau.pdf>
Package pdftex.def Info: images/webapp-aufbau.pdf  used on input line 685.
(pdftex.def)             Requested size: 398.33858pt x 145.46153pt.
 [31 <./images/webapp-aufbau.pdf

pdfTeX warning: pdflatex (file ./images/webapp-aufbau.pdf): PDF inclusion: invalid other resource which is no dict (key 'ProcSets', type <array>); ignored.
>] [32] [33] [34]
<images/ServiceWorker-overview.pdf, id=869, 507.81718pt x 168.63pt>
File: images/ServiceWorker-overview.pdf Graphic file (type pdf)
<use images/ServiceWorker-overview.pdf>
Package pdftex.def Info: images/ServiceWorker-overview.pdf  used on input line 783.
(pdftex.def)             Requested size: 398.33858pt x 132.27448pt.
 [35 <./images/ServiceWorker-overview.pdf

pdfTeX warning: pdflatex (file ./images/ServiceWorker-overview.pdf): PDF inclusion: invalid other resource which is no dict (key 'ProcSets', type <array>); ignored.
>]
<images/ServiceWorker-offline.pdf, id=884, 507.81718pt x 168.63pt>
File: images/ServiceWorker-offline.pdf Graphic file (type pdf)
<use images/ServiceWorker-offline.pdf>
Package pdftex.def Info: images/ServiceWorker-offline.pdf  used on input line 811.
(pdftex.def)             Requested size: 398.33858pt x 132.27448pt.
 [36 <./images/ServiceWorker-offline.pdf

pdfTeX warning: pdflatex (file ./images/ServiceWorker-offline.pdf): PDF inclusion: invalid other resource which is no dict (key 'ProcSets', type <array>); ignored.
>] [37]
Kapitel 5.
[38

] [39] [40] [41]
Kapitel 6.
[42

] [43]

Package bibtopic Warning: Ignoring `\bibliography' command
(bibtopic)                (not compatible with bibtopic.sty) on input line 961.


Package bibtopic Warning: Ignoring `\bibliography' command
(bibtopic)                (not compatible with bibtopic.sty) on input line 962.

\openout3 = `btaux.aux'.

\openout3 = `bsc_thesis1.aux'.

(bsc_thesis1.bbl)
\openout3 = `btaux.aux'.

\openout3 = `bsc_thesis2.aux'.

 (bsc_thesis2.bbl
LaTeX Font Info:    Trying to load font information for T1+pcr on input line 5.
 (C:\Users\deniz\AppData\Local\Programs\MiKTeX\tex/latex/psnfss\t1pcr.fd
File: t1pcr.fd 2001/06/04 font definitions for T1/pcr.
)
Package microtype Info: Loading generic protrusion settings for font family
(microtype)             `pcr' (encoding: T1).
(microtype)             For optimal results, create family-specific settings.
(microtype)             See the microtype manual for details.

Underfull \hbox (badness 1502) in paragraph at lines 4--7
[]\T1/pnc/m/n/10.95 (+20) AJAX - Web-Entwickler Leit-f‰-den | MDN.  $\T1/pcr/m/n/10.95 https : / / developer .
 []


Underfull \hbox (badness 10000) in paragraph at lines 24--28
[]\T1/pnc/m/n/10.95 (+20) BERUFENET - Be-rufs-in-for-ma-tio-nen ein-fach fin-den.  $\T1/pcr/m/n/10.95 https :
 []


Underfull \hbox (badness 10000) in paragraph at lines 24--28
\T1/pcr/m/n/10.95 / / berufenet . arbeitsagentur . de / berufenet / faces / index ?
 []


Underfull \hbox (badness 5245) in paragraph at lines 24--28
\T1/pcr/m/n/10.95 path = null / kurzbeschreibung & dkz = 58993$\T1/pnc/m/n/10.95 (+20) .  [letz-ter Zu-griff: 11.
 []

[44]
Underfull \hbox (badness 4060) in paragraph at lines 35--39
[]\T1/pnc/m/n/10.95 (+20) HTML Stan-dard.  $\T1/pcr/m/n/10.95 https : / / html . spec . whatwg . org / multipage /
 []


Underfull \hbox (badness 10000) in paragraph at lines 46--49
[]\T1/pnc/m/n/10.95 (+20) Business Lo-gic De-fi-ni-ti-on.  $\T1/pcr/m/n/10.95 https : / / wiki . c2 . com /
 []


Underfull \hbox (badness 7291) in paragraph at lines 93--97
[]\T1/pnc/m/n/10.95 (+20) How to Hash Passwords: One-Way Road to En-han-ced Se-cu-ri-
 []

[45]
Underfull \hbox (badness 10000) in paragraph at lines 125--129
\T1/pcr/m/n/10.95 de / digitalguide / websites / webdesign / leseverhalten -[] im -[] netz -[]
 []


Underfull \hbox (badness 10000) in paragraph at lines 136--140
[]\T1/pnc/m/n/10.95 (+20) Maritime Boat Cap-tain jobs  Ship Cap-tain job de-s-crip-ti-on.
 []


Underfull \hbox (badness 10000) in paragraph at lines 136--140
\T1/pcr/m/n/10.95 https : / / www . alchemyrecruitment . com / job -[] descriptions / ship -[]
 []


Underfull \hbox (badness 5147) in paragraph at lines 142--146
[]\T1/pnc/m/n/10.95 (+20) Colours & Sha-pes - Ma-ri-ti-me Pro-gress Ltd Ma-ri-ti-me Pro-gress
 []


Underfull \hbox (badness 1558) in paragraph at lines 142--146
\T1/pnc/m/n/10.95 (+20) Ltd.  $\T1/pcr/m/n/10.95 https : / / maritimeprogress . com / technical -[] information /
 []


Underfull \hbox (badness 4217) in paragraph at lines 169--172
[]\T1/pnc/m/n/10.95 (+20) Kapit‰n: Aus-bil-dung & Be-ruf | my-Sti-pen-di-um.  $\T1/pcr/m/n/10.95 https : / / www .
 []


Underfull \hbox (badness 2158) in paragraph at lines 194--198
[]\T1/pnc/m/n/10.95 (+20) The Off-li-ne Cook-book | Web Fun-da-men-tals | Goo-gle De-vel-opers.
 []


Underfull \hbox (badness 10000) in paragraph at lines 194--198
\T1/pcr/m/n/10.95 https : / / developers . google . com / web / fundamentals / instant -[]
 []

[46]
Underfull \hbox (badness 6047) in paragraph at lines 200--204
[]\T1/pnc/m/n/10.95 (+20) Offline UX Con-si-de-ra-ti-ons | Web Fun-da-men-tals | Goo-gle De-
 []


Underfull \hbox (badness 2707) in paragraph at lines 200--204
\T1/pnc/m/n/10.95 (+20) vel-opers.  $\T1/pcr/m/n/10.95 https : / / developers . google . com / web / fundamentals /
 []


Underfull \hbox (badness 10000) in paragraph at lines 216--221
\T1/pcr/m/n/10.95 personas -[] to -[] work -[] in -[] ux -[] design -[] what -[] they -[] are -[] and -[] why -[]
 []


Underfull \hbox (badness 10000) in paragraph at lines 258--262
\T1/pcr/m/n/10.95 mozilla . org / en -[] US / docs / Web / API / Service _ Worker _ API / Using _
 []

[47]
Underfull \hbox (badness 5245) in paragraph at lines 280--284
[]\T1/pnc/m/n/10.95 (+20) Service Wor-ker Sam-ple: Read-through Ca-ching (w/Off-li-ne Ana-ly-
 []


Underfull \hbox (badness 10000) in paragraph at lines 280--284
\T1/pnc/m/n/10.95 (+20) tics).  $\T1/pcr/m/n/10.95 https : / / googlechrome . github . io / samples / service -[]
 []


Underfull \hbox (badness 10000) in paragraph at lines 280--284
\T1/pcr/m/n/10.95 worker / offline -[] analytics / index . html$\T1/pnc/m/n/10.95 (+20) .  [letz-ter Zu-griff: 11.
 []


Underfull \hbox (badness 3417) in paragraph at lines 296--300
[]\T1/pnc/m/n/10.95 (+20) Usability te-sting: what is it and how to do it? - UX Col-lec-ti-
 []


Underfull \hbox (badness 2359) in paragraph at lines 323--326
[]\T1/pnc/m/n/10.95 (+20) Webwissen: User Jour-neys.  $\T1/pcr/m/n/10.95 https : / / netzstrategen . com / blog /
 []


Underfull \hbox (badness 10000) in paragraph at lines 328--332
\T1/pcr/m/n/10.95 careerfoundry . com / en / blog / ux -[] design / what -[] is -[] a -[] wireframe -[]
 []

) [48] (bsc_thesis.aux (vorspann.aux))

LaTeX Warning: There were multiply-defined labels.

 ) 
Here is how much of TeX's memory you used:
 21666 strings out of 478593
 423776 string characters out of 2844604
 720086 words of memory out of 3000000
 39191 multiletter control sequences out of 15000+600000
 512215 words of font info for 210 fonts, out of 8000000 for 9000
 1143 hyphenation exceptions out of 8191
 106i,13n,108p,1072b,606s stack positions out of 5000i,500n,10000p,200000b,80000s
{C:/Users/deniz/AppData/Local/Programs/MiKTeX/fonts/enc/dvips/base/8r.enc}<C:/Users/deniz/AppData/Local/Programs/MiKTeX/fonts/type1/public/amsfonts/cm/cmmi10.pfb><C:/Users/deniz/AppData/Local/Programs/MiKTeX/fonts/type1/public/amsfonts/cm/cmmi8.pfb><C:/Users/deniz/AppData/Local/Programs/MiKTeX/fonts/type1/public/amsfonts/cm/cmr10.pfb><C:/Users/deniz/AppData/Local/Programs/MiKTeX/fonts/type1/public/amsfonts/cm/cmr6.pfb><C:/Users/deniz/AppData/Local/Programs/MiKTeX/fonts/type1/public/amsfonts/cm/cmr8.pfb><C:/Users/deniz/AppData/Local/Programs/MiKTeX/fonts/type1/public/amsfonts/cm/cmsy10.pfb><C:/Users/deniz/AppData/Local/Programs/MiKTeX/fonts/type1/urw/courier/ucrr8a.pfb><C:/Users/deniz/AppData/Local/Programs/MiKTeX/fonts/type1/urw/helvetic/uhvr8a.pfb><C:/Users/deniz/AppData/Local/Programs/MiKTeX/fonts/type1/urw/ncntrsbk/uncb8a.pfb><C:/Users/deniz/AppData/Local/Programs/MiKTeX/fonts/type1/urw/ncntrsbk/uncr8a.pfb><C:/Users/deniz/AppData/Local/Programs/MiKTeX/fonts/type1/urw/ncntrsbk/uncri8a.pfb>
Output written on bsc_thesis.pdf (51 pages, 2053311 bytes).
PDF statistics:
 996 PDF objects out of 1000 (max. 8388607)
 0 named destinations out of 1000 (max. 500000)
 51810 words of extra memory for PDF output out of 61914 (max. 10000000)

